{"contracts/Attack.sol":{"l":{"11":3,"12":3,"16":1,"21":1,"22":1,"23":1},"path":"/home/negru/dbxen/dbxenSRG/contracts/Attack.sol","s":{"1":1,"2":1,"3":1,"4":1},"b":{"1":[1,0]},"f":{"1":3,"2":1,"3":1},"fnMap":{"1":{"name":"constructor","line":10,"loc":{"start":{"line":10,"column":4},"end":{"line":13,"column":4}}},"2":{"name":null,"line":15,"loc":{"start":{"line":15,"column":4},"end":{"line":17,"column":4}}},"3":{"name":"attack","line":20,"loc":{"start":{"line":20,"column":4},"end":{"line":24,"column":4}}}},"statementMap":{"1":{"start":{"line":16,"column":8},"end":{"line":16,"column":44}},"2":{"start":{"line":21,"column":8},"end":{"line":21,"column":48}},"3":{"start":{"line":22,"column":8},"end":{"line":22,"column":52}},"4":{"start":{"line":23,"column":8},"end":{"line":23,"column":43}}},"branchMap":{"1":{"line":21,"type":"if","locations":[{"start":{"line":21,"column":8},"end":{"line":21,"column":8}},{"start":{"line":21,"column":8},"end":{"line":21,"column":8}}]}}},"contracts/DBXen.sol":{"l":{"255":94,"256":94,"258":92,"259":92,"260":92,"261":92,"262":92,"263":92,"264":92,"265":92,"273":81,"274":81,"275":81,"276":81,"277":81,"278":81,"279":81,"288":92,"289":92,"290":92,"291":92,"292":92,"293":92,"294":92,"310":94,"311":93,"312":92,"314":92,"325":42,"326":42,"327":42,"328":42,"330":42,"332":40,"333":40,"334":36,"336":4,"339":40,"340":40,"350":25,"351":25,"352":25,"354":25,"355":25,"356":24,"357":24,"358":24,"372":29,"373":29,"374":29,"375":29,"376":28,"377":28,"379":28,"380":16,"383":28,"387":26,"388":23,"390":3,"394":28,"396":28,"397":28,"410":15,"411":15,"412":15,"413":15,"415":14,"420":13,"421":11,"423":2,"426":13,"427":13,"429":13,"430":13,"437":276,"444":203,"446":203,"447":54,"456":203,"457":125,"458":125,"461":203,"465":49,"466":49,"467":49,"469":49,"471":0,"472":0,"475":49,"484":92,"485":32,"486":32,"487":32,"488":32,"490":32,"492":32,"494":32,"495":12,"496":12,"499":32,"500":12,"501":12,"504":32,"519":203,"523":72,"525":72,"526":72,"529":203,"533":95,"543":95,"546":203,"550":23,"552":23,"553":23,"554":23,"555":9,"566":23,"567":23,"569":23,"570":2,"571":1,"572":1,"573":1,"575":1,"576":1,"587":1,"588":1,"590":1,"591":1,"604":116,"605":116,"612":92},"path":"/home/negru/dbxen/dbxenSRG/contracts/DBXen.sol","s":{"1":94,"2":92,"3":92,"4":92,"5":92,"6":92,"7":92,"8":92,"9":92,"10":92,"11":92,"12":94,"13":93,"14":92,"15":92,"16":42,"17":42,"18":42,"19":42,"20":42,"21":40,"22":40,"23":40,"24":25,"25":25,"26":25,"27":25,"28":25,"29":24,"30":24,"31":29,"32":29,"33":29,"34":29,"35":28,"36":28,"37":28,"38":26,"39":3,"40":28,"41":28,"42":15,"43":15,"44":15,"45":15,"46":14,"47":13,"48":13,"49":13,"50":276,"51":203,"52":203,"53":203,"54":203,"55":49,"56":49,"57":92,"58":32,"59":32,"60":32,"61":32,"62":203,"63":72,"64":203,"65":203,"66":23,"67":23,"68":23,"69":2,"70":1,"71":1,"72":116,"73":116,"74":92},"b":{"1":[92,0],"2":[92,0],"3":[94,1],"4":[94,0],"5":[93,1],"6":[92,1],"7":[92,0],"8":[42,0],"9":[40,2],"10":[36,4],"11":[25,0],"12":[24,1],"13":[29,0],"14":[28,1],"15":[16,12],"16":[26,2],"17":[23,3],"18":[3,0],"19":[15,0],"20":[14,1],"21":[13,1],"22":[11,2],"23":[54,149],"24":[125,78],"25":[49,154],"26":[49,0],"27":[32,60],"28":[12,20],"29":[12,20],"30":[72,131],"31":[95,108],"32":[23,180],"33":[9,14],"34":[2,21],"35":[1,1],"36":[1,0],"37":[115,1]},"f":{"1":94,"2":81,"3":92,"4":94,"5":42,"6":25,"7":29,"8":15,"9":276,"10":203,"11":203,"12":92,"13":203,"14":116,"15":92},"fnMap":{"1":{"name":"gasWrapper","line":254,"loc":{"start":{"line":254,"column":4},"end":{"line":266,"column":4}}},"2":{"name":"constructor","line":272,"loc":{"start":{"line":272,"column":4},"end":{"line":280,"column":4}}},"3":{"name":"onTokenBurned","line":287,"loc":{"start":{"line":287,"column":4},"end":{"line":295,"column":4}}},"4":{"name":"burnBatch","line":308,"loc":{"start":{"line":302,"column":4},"end":{"line":315,"column":4}}},"5":{"name":"claimRewards","line":323,"loc":{"start":{"line":321,"column":4},"end":{"line":341,"column":4}}},"6":{"name":"claimFees","line":348,"loc":{"start":{"line":346,"column":4},"end":{"line":359,"column":4}}},"7":{"name":"stake","line":370,"loc":{"start":{"line":368,"column":4},"end":{"line":398,"column":4}}},"8":{"name":"unstake","line":408,"loc":{"start":{"line":406,"column":4},"end":{"line":431,"column":4}}},"9":{"name":"getCurrentCycle","line":436,"loc":{"start":{"line":436,"column":4},"end":{"line":438,"column":4}}},"10":{"name":"calculateCycle","line":443,"loc":{"start":{"line":443,"column":4},"end":{"line":450,"column":4}}},"11":{"name":"updateCycleFeesPerStakeSummed","line":455,"loc":{"start":{"line":455,"column":4},"end":{"line":477,"column":4}}},"12":{"name":"setUpNewCycle","line":483,"loc":{"start":{"line":483,"column":4},"end":{"line":510,"column":4}}},"13":{"name":"updateStats","line":518,"loc":{"start":{"line":518,"column":4},"end":{"line":595,"column":4}}},"14":{"name":"sendViaCall","line":603,"loc":{"start":{"line":603,"column":4},"end":{"line":606,"column":4}}},"15":{"name":"supportsInterface","line":611,"loc":{"start":{"line":611,"column":4},"end":{"line":614,"column":4}}}},"statementMap":{"1":{"start":{"line":255,"column":8},"end":{"line":255,"column":36}},"2":{"start":{"line":258,"column":8},"end":{"line":258,"column":70}},"3":{"start":{"line":259,"column":8},"end":{"line":259,"column":97}},"4":{"start":{"line":260,"column":8},"end":{"line":260,"column":80}},"5":{"start":{"line":265,"column":8},"end":{"line":265,"column":64}},"6":{"start":{"line":288,"column":8},"end":{"line":288,"column":76}},"7":{"start":{"line":289,"column":8},"end":{"line":289,"column":23}},"8":{"start":{"line":290,"column":8},"end":{"line":290,"column":38}},"9":{"start":{"line":291,"column":8},"end":{"line":291,"column":22}},"10":{"start":{"line":292,"column":8},"end":{"line":292,"column":24}},"11":{"start":{"line":294,"column":8},"end":{"line":294,"column":31}},"12":{"start":{"line":310,"column":8},"end":{"line":310,"column":74}},"13":{"start":{"line":311,"column":8},"end":{"line":311,"column":63}},"14":{"start":{"line":312,"column":8},"end":{"line":312,"column":112}},"15":{"start":{"line":314,"column":8},"end":{"line":314,"column":76}},"16":{"start":{"line":325,"column":8},"end":{"line":325,"column":23}},"17":{"start":{"line":326,"column":8},"end":{"line":326,"column":38}},"18":{"start":{"line":327,"column":8},"end":{"line":327,"column":32}},"19":{"start":{"line":328,"column":8},"end":{"line":328,"column":86}},"20":{"start":{"line":330,"column":8},"end":{"line":330,"column":59}},"21":{"start":{"line":333,"column":8},"end":{"line":333,"column":9675}},"22":{"start":{"line":339,"column":8},"end":{"line":339,"column":43}},"23":{"start":{"line":340,"column":8},"end":{"line":340,"column":63}},"24":{"start":{"line":350,"column":8},"end":{"line":350,"column":23}},"25":{"start":{"line":351,"column":8},"end":{"line":351,"column":38}},"26":{"start":{"line":352,"column":8},"end":{"line":352,"column":32}},"27":{"start":{"line":354,"column":8},"end":{"line":354,"column":51}},"28":{"start":{"line":355,"column":8},"end":{"line":355,"column":49}},"29":{"start":{"line":357,"column":8},"end":{"line":357,"column":47}},"30":{"start":{"line":358,"column":8},"end":{"line":358,"column":63}},"31":{"start":{"line":372,"column":8},"end":{"line":372,"column":23}},"32":{"start":{"line":373,"column":8},"end":{"line":373,"column":38}},"33":{"start":{"line":374,"column":8},"end":{"line":374,"column":32}},"34":{"start":{"line":375,"column":8},"end":{"line":375,"column":51}},"35":{"start":{"line":377,"column":8},"end":{"line":377,"column":45}},"36":{"start":{"line":379,"column":8},"end":{"line":379,"column":11189}},"37":{"start":{"line":383,"column":8},"end":{"line":383,"column":11302}},"38":{"start":{"line":387,"column":12},"end":{"line":387,"column":11453}},"39":{"start":{"line":389,"column":19},"end":{"line":389,"column":11570}},"40":{"start":{"line":396,"column":8},"end":{"line":396,"column":64}},"41":{"start":{"line":397,"column":8},"end":{"line":397,"column":53}},"42":{"start":{"line":410,"column":8},"end":{"line":410,"column":23}},"43":{"start":{"line":411,"column":8},"end":{"line":411,"column":38}},"44":{"start":{"line":412,"column":8},"end":{"line":412,"column":32}},"45":{"start":{"line":413,"column":8},"end":{"line":413,"column":51}},"46":{"start":{"line":415,"column":8},"end":{"line":415,"column":12405}},"47":{"start":{"line":420,"column":8},"end":{"line":420,"column":12552}},"48":{"start":{"line":429,"column":8},"end":{"line":429,"column":45}},"49":{"start":{"line":430,"column":8},"end":{"line":430,"column":57}},"50":{"start":{"line":437,"column":8},"end":{"line":437,"column":72}},"51":{"start":{"line":444,"column":8},"end":{"line":444,"column":51}},"52":{"start":{"line":446,"column":8},"end":{"line":446,"column":13342}},"53":{"start":{"line":456,"column":8},"end":{"line":456,"column":13607}},"54":{"start":{"line":461,"column":8},"end":{"line":461,"column":13785}},"55":{"start":{"line":465,"column":12},"end":{"line":465,"column":31}},"56":{"start":{"line":466,"column":12},"end":{"line":466,"column":13961}},"57":{"start":{"line":484,"column":8},"end":{"line":484,"column":14690}},"58":{"start":{"line":486,"column":12},"end":{"line":486,"column":77}},"59":{"start":{"line":494,"column":12},"end":{"line":494,"column":15185}},"60":{"start":{"line":499,"column":12},"end":{"line":499,"column":15355}},"61":{"start":{"line":504,"column":12},"end":{"line":504,"column":15556}},"62":{"start":{"line":519,"column":9},"end":{"line":519,"column":16021}},"63":{"start":{"line":523,"column":12},"end":{"line":523,"column":16214}},"64":{"start":{"line":529,"column":8},"end":{"line":529,"column":16457}},"65":{"start":{"line":546,"column":8},"end":{"line":546,"column":17065}},"66":{"start":{"line":550,"column":12},"end":{"line":550,"column":87}},"67":{"start":{"line":554,"column":12},"end":{"line":554,"column":17401}},"68":{"start":{"line":569,"column":12},"end":{"line":569,"column":17995}},"69":{"start":{"line":570,"column":16},"end":{"line":570,"column":18051}},"70":{"start":{"line":571,"column":20},"end":{"line":571,"column":97}},"71":{"start":{"line":575,"column":20},"end":{"line":575,"column":18379}},"72":{"start":{"line":604,"column":8},"end":{"line":604,"column":50}},"73":{"start":{"line":605,"column":8},"end":{"line":605,"column":52}},"74":{"start":{"line":612,"column":8},"end":{"line":612,"column":19788}}},"branchMap":{"1":{"line":260,"type":"if","locations":[{"start":{"line":260,"column":8},"end":{"line":260,"column":8}},{"start":{"line":260,"column":8},"end":{"line":260,"column":8}}]},"2":{"line":288,"type":"if","locations":[{"start":{"line":288,"column":8},"end":{"line":288,"column":8}},{"start":{"line":288,"column":8},"end":{"line":288,"column":8}}]},"3":{"line":307,"type":"if","locations":[{"start":{"line":307,"column":8},"end":{"line":307,"column":8}},{"start":{"line":307,"column":8},"end":{"line":307,"column":8}}]},"4":{"line":308,"type":"if","locations":[{"start":{"line":308,"column":8},"end":{"line":308,"column":8}},{"start":{"line":308,"column":8},"end":{"line":308,"column":8}}]},"5":{"line":310,"type":"if","locations":[{"start":{"line":310,"column":8},"end":{"line":310,"column":8}},{"start":{"line":310,"column":8},"end":{"line":310,"column":8}}]},"6":{"line":311,"type":"if","locations":[{"start":{"line":311,"column":8},"end":{"line":311,"column":8}},{"start":{"line":311,"column":8},"end":{"line":311,"column":8}}]},"7":{"line":312,"type":"if","locations":[{"start":{"line":312,"column":8},"end":{"line":312,"column":8}},{"start":{"line":312,"column":8},"end":{"line":312,"column":8}}]},"8":{"line":323,"type":"if","locations":[{"start":{"line":323,"column":8},"end":{"line":323,"column":8}},{"start":{"line":323,"column":8},"end":{"line":323,"column":8}}]},"9":{"line":330,"type":"if","locations":[{"start":{"line":330,"column":8},"end":{"line":330,"column":8}},{"start":{"line":330,"column":8},"end":{"line":330,"column":8}}]},"10":{"line":333,"type":"if","locations":[{"start":{"line":333,"column":8},"end":{"line":333,"column":8}},{"start":{"line":333,"column":8},"end":{"line":333,"column":8}}]},"11":{"line":348,"type":"if","locations":[{"start":{"line":348,"column":8},"end":{"line":348,"column":8}},{"start":{"line":348,"column":8},"end":{"line":348,"column":8}}]},"12":{"line":355,"type":"if","locations":[{"start":{"line":355,"column":8},"end":{"line":355,"column":8}},{"start":{"line":355,"column":8},"end":{"line":355,"column":8}}]},"13":{"line":370,"type":"if","locations":[{"start":{"line":370,"column":8},"end":{"line":370,"column":8}},{"start":{"line":370,"column":8},"end":{"line":370,"column":8}}]},"14":{"line":375,"type":"if","locations":[{"start":{"line":375,"column":8},"end":{"line":375,"column":8}},{"start":{"line":375,"column":8},"end":{"line":375,"column":8}}]},"15":{"line":379,"type":"if","locations":[{"start":{"line":379,"column":8},"end":{"line":379,"column":8}},{"start":{"line":379,"column":8},"end":{"line":379,"column":8}}]},"16":{"line":383,"type":"if","locations":[{"start":{"line":383,"column":8},"end":{"line":383,"column":8}},{"start":{"line":383,"column":8},"end":{"line":383,"column":8}}]},"17":{"line":387,"type":"if","locations":[{"start":{"line":387,"column":12},"end":{"line":387,"column":12}},{"start":{"line":387,"column":12},"end":{"line":387,"column":12}}]},"18":{"line":389,"type":"if","locations":[{"start":{"line":389,"column":19},"end":{"line":389,"column":19}},{"start":{"line":389,"column":19},"end":{"line":389,"column":19}}]},"19":{"line":408,"type":"if","locations":[{"start":{"line":408,"column":8},"end":{"line":408,"column":8}},{"start":{"line":408,"column":8},"end":{"line":408,"column":8}}]},"20":{"line":413,"type":"if","locations":[{"start":{"line":413,"column":8},"end":{"line":413,"column":8}},{"start":{"line":413,"column":8},"end":{"line":413,"column":8}}]},"21":{"line":415,"type":"if","locations":[{"start":{"line":415,"column":8},"end":{"line":415,"column":8}},{"start":{"line":415,"column":8},"end":{"line":415,"column":8}}]},"22":{"line":420,"type":"if","locations":[{"start":{"line":420,"column":8},"end":{"line":420,"column":8}},{"start":{"line":420,"column":8},"end":{"line":420,"column":8}}]},"23":{"line":446,"type":"if","locations":[{"start":{"line":446,"column":8},"end":{"line":446,"column":8}},{"start":{"line":446,"column":8},"end":{"line":446,"column":8}}]},"24":{"line":456,"type":"if","locations":[{"start":{"line":456,"column":8},"end":{"line":456,"column":8}},{"start":{"line":456,"column":8},"end":{"line":456,"column":8}}]},"25":{"line":461,"type":"if","locations":[{"start":{"line":461,"column":8},"end":{"line":461,"column":8}},{"start":{"line":461,"column":8},"end":{"line":461,"column":8}}]},"26":{"line":466,"type":"if","locations":[{"start":{"line":466,"column":12},"end":{"line":466,"column":12}},{"start":{"line":466,"column":12},"end":{"line":466,"column":12}}]},"27":{"line":484,"type":"if","locations":[{"start":{"line":484,"column":8},"end":{"line":484,"column":8}},{"start":{"line":484,"column":8},"end":{"line":484,"column":8}}]},"28":{"line":494,"type":"if","locations":[{"start":{"line":494,"column":12},"end":{"line":494,"column":12}},{"start":{"line":494,"column":12},"end":{"line":494,"column":12}}]},"29":{"line":499,"type":"if","locations":[{"start":{"line":499,"column":12},"end":{"line":499,"column":12}},{"start":{"line":499,"column":12},"end":{"line":499,"column":12}}]},"30":{"line":519,"type":"if","locations":[{"start":{"line":519,"column":9},"end":{"line":519,"column":9}},{"start":{"line":519,"column":9},"end":{"line":519,"column":9}}]},"31":{"line":529,"type":"if","locations":[{"start":{"line":529,"column":8},"end":{"line":529,"column":8}},{"start":{"line":529,"column":8},"end":{"line":529,"column":8}}]},"32":{"line":546,"type":"if","locations":[{"start":{"line":546,"column":8},"end":{"line":546,"column":8}},{"start":{"line":546,"column":8},"end":{"line":546,"column":8}}]},"33":{"line":554,"type":"if","locations":[{"start":{"line":554,"column":12},"end":{"line":554,"column":12}},{"start":{"line":554,"column":12},"end":{"line":554,"column":12}}]},"34":{"line":569,"type":"if","locations":[{"start":{"line":569,"column":12},"end":{"line":569,"column":12}},{"start":{"line":569,"column":12},"end":{"line":569,"column":12}}]},"35":{"line":570,"type":"if","locations":[{"start":{"line":570,"column":16},"end":{"line":570,"column":16}},{"start":{"line":570,"column":16},"end":{"line":570,"column":16}}]},"36":{"line":575,"type":"if","locations":[{"start":{"line":575,"column":20},"end":{"line":575,"column":20}},{"start":{"line":575,"column":20},"end":{"line":575,"column":20}}]},"37":{"line":605,"type":"if","locations":[{"start":{"line":605,"column":8},"end":{"line":605,"column":8}},{"start":{"line":605,"column":8},"end":{"line":605,"column":8}}]}}},"contracts/DBXenERC20.sol":{"l":{"25":87,"37":41,"38":40,"39":40},"path":"/home/negru/dbxen/dbxenSRG/contracts/DBXenERC20.sol","s":{"1":41,"2":40,"3":40},"b":{"1":[40,1],"2":[40,0]},"f":{"1":87,"2":41},"fnMap":{"1":{"name":"constructor","line":24,"loc":{"start":{"line":23,"column":4},"end":{"line":26,"column":4}}},"2":{"name":"mintReward","line":36,"loc":{"start":{"line":36,"column":4},"end":{"line":40,"column":4}}}},"statementMap":{"1":{"start":{"line":37,"column":8},"end":{"line":37,"column":75}},"2":{"start":{"line":38,"column":8},"end":{"line":38,"column":99}},"3":{"start":{"line":39,"column":8},"end":{"line":39,"column":29}}},"branchMap":{"1":{"line":37,"type":"if","locations":[{"start":{"line":37,"column":8},"end":{"line":37,"column":8}},{"start":{"line":37,"column":8},"end":{"line":37,"column":8}}]},"2":{"line":38,"type":"if","locations":[{"start":{"line":38,"column":8},"end":{"line":38,"column":8}},{"start":{"line":38,"column":8},"end":{"line":38,"column":8}}]}}},"contracts/DBXenViews.sol":{"l":{"26":81,"33":0,"48":12,"49":12,"51":12,"55":4,"60":4,"64":2,"71":12,"82":17,"83":17,"84":17,"85":17,"86":17,"88":17,"89":16,"90":16,"93":17,"97":6,"98":6,"99":6,"105":6,"109":11,"114":17,"116":17,"120":9,"131":17,"136":1,"144":1,"149":0,"162":17,"169":0,"184":20,"185":20,"187":20,"191":10,"195":10,"198":20},"path":"/home/negru/dbxen/dbxenSRG/contracts/DBXenViews.sol","s":{"1":0,"2":12,"3":12,"4":12,"5":4,"6":12,"7":17,"8":17,"9":17,"10":17,"11":17,"12":17,"13":17,"14":6,"15":6,"16":17,"17":17,"18":17,"19":1,"20":17,"21":0,"22":20,"23":20,"24":20,"25":10,"26":20},"b":{"1":[4,8],"2":[2,2],"3":[16,1],"4":[6,11],"5":[6,0],"6":[9,8],"7":[1,16],"8":[0,1],"9":[10,10]},"f":{"1":81,"2":0,"3":12,"4":17,"5":0,"6":20},"fnMap":{"1":{"name":"constructor","line":25,"loc":{"start":{"line":25,"column":4},"end":{"line":27,"column":4}}},"2":{"name":"deb0xContractBalance","line":32,"loc":{"start":{"line":32,"column":4},"end":{"line":34,"column":4}}},"3":{"name":"getAccWithdrawableStake","line":43,"loc":{"start":{"line":43,"column":4},"end":{"line":72,"column":4}}},"4":{"name":"getUnclaimedFees","line":81,"loc":{"start":{"line":81,"column":4},"end":{"line":163,"column":4}}},"5":{"name":"calculateCycleReward","line":168,"loc":{"start":{"line":168,"column":4},"end":{"line":170,"column":4}}},"6":{"name":"getUnclaimedRewards","line":179,"loc":{"start":{"line":179,"column":4},"end":{"line":199,"column":4}}}},"statementMap":{"1":{"start":{"line":33,"column":8},"end":{"line":33,"column":37}},"2":{"start":{"line":48,"column":8},"end":{"line":48,"column":57}},"3":{"start":{"line":49,"column":8},"end":{"line":49,"column":33}},"4":{"start":{"line":51,"column":8},"end":{"line":51,"column":1196}},"5":{"start":{"line":60,"column":12},"end":{"line":60,"column":1469}},"6":{"start":{"line":71,"column":8},"end":{"line":71,"column":65}},"7":{"start":{"line":82,"column":8},"end":{"line":82,"column":57}},"8":{"start":{"line":83,"column":8},"end":{"line":83,"column":66}},"9":{"start":{"line":84,"column":8},"end":{"line":84,"column":46}},"10":{"start":{"line":85,"column":8},"end":{"line":85,"column":71}},"11":{"start":{"line":86,"column":8},"end":{"line":86,"column":63}},"12":{"start":{"line":88,"column":8},"end":{"line":88,"column":2513}},"13":{"start":{"line":93,"column":8},"end":{"line":93,"column":2715}},"14":{"start":{"line":97,"column":12},"end":{"line":97,"column":35}},"15":{"start":{"line":98,"column":12},"end":{"line":98,"column":2912}},"16":{"start":{"line":114,"column":8},"end":{"line":114,"column":99}},"17":{"start":{"line":116,"column":8},"end":{"line":116,"column":3618}},"18":{"start":{"line":131,"column":8},"end":{"line":131,"column":4147}},"19":{"start":{"line":144,"column":12},"end":{"line":144,"column":4703}},"20":{"start":{"line":162,"column":8},"end":{"line":162,"column":33}},"21":{"start":{"line":169,"column":8},"end":{"line":169,"column":56}},"22":{"start":{"line":184,"column":8},"end":{"line":184,"column":97}},"23":{"start":{"line":185,"column":8},"end":{"line":185,"column":57}},"24":{"start":{"line":187,"column":7},"end":{"line":187,"column":6215}},"25":{"start":{"line":191,"column":12},"end":{"line":191,"column":6431}},"26":{"start":{"line":198,"column":8},"end":{"line":198,"column":29}}},"branchMap":{"1":{"line":51,"type":"if","locations":[{"start":{"line":51,"column":8},"end":{"line":51,"column":8}},{"start":{"line":51,"column":8},"end":{"line":51,"column":8}}]},"2":{"line":60,"type":"if","locations":[{"start":{"line":60,"column":12},"end":{"line":60,"column":12}},{"start":{"line":60,"column":12},"end":{"line":60,"column":12}}]},"3":{"line":88,"type":"if","locations":[{"start":{"line":88,"column":8},"end":{"line":88,"column":8}},{"start":{"line":88,"column":8},"end":{"line":88,"column":8}}]},"4":{"line":93,"type":"if","locations":[{"start":{"line":93,"column":8},"end":{"line":93,"column":8}},{"start":{"line":93,"column":8},"end":{"line":93,"column":8}}]},"5":{"line":98,"type":"if","locations":[{"start":{"line":98,"column":12},"end":{"line":98,"column":12}},{"start":{"line":98,"column":12},"end":{"line":98,"column":12}}]},"6":{"line":116,"type":"if","locations":[{"start":{"line":116,"column":8},"end":{"line":116,"column":8}},{"start":{"line":116,"column":8},"end":{"line":116,"column":8}}]},"7":{"line":131,"type":"if","locations":[{"start":{"line":131,"column":8},"end":{"line":131,"column":8}},{"start":{"line":131,"column":8},"end":{"line":131,"column":8}}]},"8":{"line":144,"type":"if","locations":[{"start":{"line":144,"column":12},"end":{"line":144,"column":12}},{"start":{"line":144,"column":12},"end":{"line":144,"column":12}}]},"9":{"line":187,"type":"if","locations":[{"start":{"line":187,"column":7},"end":{"line":187,"column":7}},{"start":{"line":187,"column":7},"end":{"line":187,"column":7}}]}}},"contracts/Deb0xRewardEnding.sol":{"l":{},"path":"/home/negru/dbxen/dbxenSRG/contracts/Deb0xRewardEnding.sol","s":{},"b":{},"f":{},"fnMap":{},"statementMap":{},"branchMap":{}},"contracts/Forwarder.sol":{"l":{"37":0,"41":0,"42":0,"47":0,"59":0,"60":0,"74":0,"75":0,"77":0,"79":0,"80":0,"81":0,"83":0,"84":0,"86":0,"87":0,"89":0,"92":0,"96":0,"100":0,"106":0,"107":0,"108":0,"111":0,"112":0,"117":0,"119":0,"121":0,"128":0,"130":0,"131":0,"136":0,"137":0,"138":0,"151":0,"152":0,"153":0,"158":0,"177":0},"path":"/home/negru/dbxen/dbxenSRG/contracts/Forwarder.sol","s":{"1":0,"2":0,"3":0,"4":0,"5":0,"6":0,"7":0,"8":0,"9":0,"10":0,"11":0,"12":0,"13":0,"14":0,"15":0,"16":0,"17":0,"18":0,"19":0,"20":0,"21":0,"22":0,"23":0,"24":0,"25":0,"26":0,"27":0,"28":0,"29":0,"30":0,"31":0,"32":0,"33":0,"34":0},"b":{"1":[0,0],"2":[0,0],"3":[0,0],"4":[0,0],"5":[0,0],"6":[0,0],"7":[0,0],"8":[0,0],"9":[0,0],"10":[0,0],"11":[0,0],"12":[0,0],"13":[0,0]},"f":{"1":0,"2":0,"3":0,"4":0,"5":0,"6":0,"7":0,"8":0,"9":0,"10":0,"11":0,"12":0},"fnMap":{"1":{"name":"getNonce","line":34,"loc":{"start":{"line":34,"column":4},"end":{"line":38,"column":4}}},"2":{"name":"constructor","line":40,"loc":{"start":{"line":40,"column":4},"end":{"line":43,"column":4}}},"3":{"name":"supportsInterface","line":46,"loc":{"start":{"line":46,"column":4},"end":{"line":49,"column":4}}},"4":{"name":"verify","line":52,"loc":{"start":{"line":52,"column":4},"end":{"line":61,"column":4}}},"5":{"name":"execute","line":64,"loc":{"start":{"line":64,"column":4},"end":{"line":93,"column":4}}},"6":{"name":"_verifyNonce","line":95,"loc":{"start":{"line":95,"column":4},"end":{"line":97,"column":4}}},"7":{"name":"_verifyAndUpdateNonce","line":99,"loc":{"start":{"line":99,"column":4},"end":{"line":101,"column":4}}},"8":{"name":"registerRequestType","line":104,"loc":{"start":{"line":104,"column":4},"end":{"line":113,"column":4}}},"9":{"name":"registerDomainSeparator","line":116,"loc":{"start":{"line":116,"column":4},"end":{"line":132,"column":4}}},"10":{"name":"registerRequestTypeInternal","line":134,"loc":{"start":{"line":134,"column":4},"end":{"line":139,"column":4}}},"11":{"name":"_verifySig","line":141,"loc":{"start":{"line":141,"column":4},"end":{"line":159,"column":4}}},"12":{"name":"_getEncoded","line":164,"loc":{"start":{"line":164,"column":4},"end":{"line":188,"column":4}}}},"statementMap":{"1":{"start":{"line":37,"column":8},"end":{"line":37,"column":27}},"2":{"start":{"line":41,"column":8},"end":{"line":41,"column":100}},"3":{"start":{"line":42,"column":8},"end":{"line":42,"column":47}},"4":{"start":{"line":47,"column":8},"end":{"line":47,"column":1707}},"5":{"start":{"line":59,"column":8},"end":{"line":59,"column":24}},"6":{"start":{"line":60,"column":8},"end":{"line":60,"column":73}},"7":{"start":{"line":74,"column":8},"end":{"line":74,"column":73}},"8":{"start":{"line":75,"column":8},"end":{"line":75,"column":33}},"9":{"start":{"line":77,"column":8},"end":{"line":77,"column":103}},"10":{"start":{"line":79,"column":8},"end":{"line":79,"column":34}},"11":{"start":{"line":80,"column":8},"end":{"line":80,"column":2704}},"12":{"start":{"line":83,"column":8},"end":{"line":83,"column":68}},"13":{"start":{"line":84,"column":8},"end":{"line":84,"column":84}},"14":{"start":{"line":87,"column":8},"end":{"line":87,"column":3139}},"15":{"start":{"line":89,"column":12},"end":{"line":89,"column":62}},"16":{"start":{"line":92,"column":8},"end":{"line":92,"column":28}},"17":{"start":{"line":96,"column":8},"end":{"line":96,"column":68}},"18":{"start":{"line":100,"column":8},"end":{"line":100,"column":70}},"19":{"start":{"line":106,"column":8},"end":{"line":106,"column":3846}},"20":{"start":{"line":107,"column":12},"end":{"line":107,"column":41}},"21":{"start":{"line":108,"column":12},"end":{"line":108,"column":65}},"22":{"start":{"line":111,"column":8},"end":{"line":111,"column":108}},"23":{"start":{"line":112,"column":8},"end":{"line":112,"column":47}},"24":{"start":{"line":117,"column":8},"end":{"line":117,"column":23}},"25":{"start":{"line":121,"column":8},"end":{"line":121,"column":4478}},"26":{"start":{"line":128,"column":8},"end":{"line":128,"column":51}},"27":{"start":{"line":131,"column":8},"end":{"line":131,"column":54}},"28":{"start":{"line":136,"column":8},"end":{"line":136,"column":63}},"29":{"start":{"line":138,"column":8},"end":{"line":138,"column":64}},"30":{"start":{"line":151,"column":8},"end":{"line":151,"column":73}},"31":{"start":{"line":152,"column":8},"end":{"line":152,"column":73}},"32":{"start":{"line":153,"column":8},"end":{"line":153,"column":5486}},"33":{"start":{"line":158,"column":8},"end":{"line":158,"column":106}},"34":{"start":{"line":177,"column":8},"end":{"line":177,"column":6395}}},"branchMap":{"1":{"line":47,"type":"cond-expr","locations":[{"start":{"line":47,"column":15},"end":{"line":47,"column":57}},{"start":{"line":48,"column":12},"end":{"line":48,"column":47}}]},"2":{"line":77,"type":"if","locations":[{"start":{"line":77,"column":8},"end":{"line":77,"column":8}},{"start":{"line":77,"column":8},"end":{"line":77,"column":8}}]},"3":{"line":77,"type":"cond-expr","locations":[{"start":{"line":77,"column":16},"end":{"line":77,"column":38}},{"start":{"line":77,"column":43},"end":{"line":77,"column":78}}]},"4":{"line":80,"type":"if","locations":[{"start":{"line":80,"column":8},"end":{"line":80,"column":8}},{"start":{"line":80,"column":8},"end":{"line":80,"column":8}}]},"5":{"line":84,"type":"if","locations":[{"start":{"line":84,"column":8},"end":{"line":84,"column":8}},{"start":{"line":84,"column":8},"end":{"line":84,"column":8}}]},"6":{"line":87,"type":"if","locations":[{"start":{"line":87,"column":8},"end":{"line":87,"column":8}},{"start":{"line":87,"column":8},"end":{"line":87,"column":8}}]},"7":{"line":96,"type":"if","locations":[{"start":{"line":96,"column":8},"end":{"line":96,"column":8}},{"start":{"line":96,"column":8},"end":{"line":96,"column":8}}]},"8":{"line":100,"type":"if","locations":[{"start":{"line":100,"column":8},"end":{"line":100,"column":8}},{"start":{"line":100,"column":8},"end":{"line":100,"column":8}}]},"9":{"line":108,"type":"if","locations":[{"start":{"line":108,"column":12},"end":{"line":108,"column":12}},{"start":{"line":108,"column":12},"end":{"line":108,"column":12}}]},"10":{"line":151,"type":"if","locations":[{"start":{"line":151,"column":8},"end":{"line":151,"column":8}},{"start":{"line":151,"column":8},"end":{"line":151,"column":8}}]},"11":{"line":152,"type":"if","locations":[{"start":{"line":152,"column":8},"end":{"line":152,"column":8}},{"start":{"line":152,"column":8},"end":{"line":152,"column":8}}]},"12":{"line":158,"type":"if","locations":[{"start":{"line":158,"column":8},"end":{"line":158,"column":8}},{"start":{"line":158,"column":8},"end":{"line":158,"column":8}}]},"13":{"line":158,"type":"cond-expr","locations":[{"start":{"line":158,"column":16},"end":{"line":158,"column":43}},{"start":{"line":158,"column":48},"end":{"line":158,"column":78}}]}}},"contracts/IForwarder.sol":{"l":{},"path":"/home/negru/dbxen/dbxenSRG/contracts/IForwarder.sol","s":{},"b":{},"f":{},"fnMap":{},"statementMap":{},"branchMap":{}},"contracts/interfaces/IBurnableToken.sol":{"l":{},"path":"/home/negru/dbxen/dbxenSRG/contracts/interfaces/IBurnableToken.sol","s":{},"b":{},"f":{},"fnMap":{},"statementMap":{},"branchMap":{}},"contracts/interfaces/IBurnRedeemable.sol":{"l":{},"path":"/home/negru/dbxen/dbxenSRG/contracts/interfaces/IBurnRedeemable.sol","s":{},"b":{},"f":{},"fnMap":{},"statementMap":{},"branchMap":{}},"contracts/interfaces/IRankedMintingToken.sol":{"l":{},"path":"/home/negru/dbxen/dbxenSRG/contracts/interfaces/IRankedMintingToken.sol","s":{},"b":{},"f":{},"fnMap":{},"statementMap":{},"branchMap":{}},"contracts/interfaces/IStakingToken.sol":{"l":{},"path":"/home/negru/dbxen/dbxenSRG/contracts/interfaces/IStakingToken.sol","s":{},"b":{},"f":{},"fnMap":{},"statementMap":{},"branchMap":{}},"contracts/libs/ERC2771Context.sol":{"l":{"18":0,"22":0,"26":0,"29":0,"33":0,"38":0,"39":0,"41":0},"path":"/home/negru/dbxen/dbxenSRG/contracts/libs/ERC2771Context.sol","s":{"1":0,"2":0,"3":0,"4":0,"5":0,"6":0},"b":{"1":[0,0],"2":[0,0]},"f":{"1":0,"2":0,"3":0,"4":0},"fnMap":{"1":{"name":"constructor","line":17,"loc":{"start":{"line":17,"column":4},"end":{"line":19,"column":4}}},"2":{"name":"isTrustedForwarder","line":21,"loc":{"start":{"line":21,"column":4},"end":{"line":23,"column":4}}},"3":{"name":"_msgSender","line":25,"loc":{"start":{"line":25,"column":4},"end":{"line":35,"column":4}}},"4":{"name":"_msgData","line":37,"loc":{"start":{"line":37,"column":4},"end":{"line":43,"column":4}}}},"statementMap":{"1":{"start":{"line":22,"column":8},"end":{"line":22,"column":45}},"2":{"start":{"line":26,"column":8},"end":{"line":26,"column":817}},"3":{"start":{"line":33,"column":12},"end":{"line":33,"column":37}},"4":{"start":{"line":38,"column":8},"end":{"line":38,"column":1269}},"5":{"start":{"line":39,"column":12},"end":{"line":39,"column":50}},"6":{"start":{"line":41,"column":12},"end":{"line":41,"column":35}}},"branchMap":{"1":{"line":26,"type":"if","locations":[{"start":{"line":26,"column":8},"end":{"line":26,"column":8}},{"start":{"line":26,"column":8},"end":{"line":26,"column":8}}]},"2":{"line":38,"type":"if","locations":[{"start":{"line":38,"column":8},"end":{"line":38,"column":8}},{"start":{"line":38,"column":8},"end":{"line":38,"column":8}}]}}},"contracts/MathX.sol":{"l":{"8":0,"9":0,"13":0,"14":0,"18":0},"path":"/home/negru/dbxen/dbxenSRG/contracts/MathX.sol","s":{"1":0,"2":0,"3":0,"4":0,"5":0,"6":0,"7":0},"b":{"1":[0,0],"2":[0,0]},"f":{"1":0,"2":0,"3":0},"fnMap":{"1":{"name":"min","line":7,"loc":{"start":{"line":7,"column":4},"end":{"line":10,"column":4}}},"2":{"name":"max","line":12,"loc":{"start":{"line":12,"column":4},"end":{"line":15,"column":4}}},"3":{"name":"logX64","line":17,"loc":{"start":{"line":17,"column":4},"end":{"line":19,"column":4}}}},"statementMap":{"1":{"start":{"line":8,"column":8},"end":{"line":8,"column":27}},"2":{"start":{"line":8,"column":19},"end":{"line":8,"column":27}},"3":{"start":{"line":9,"column":8},"end":{"line":9,"column":16}},"4":{"start":{"line":13,"column":8},"end":{"line":13,"column":27}},"5":{"start":{"line":13,"column":19},"end":{"line":13,"column":27}},"6":{"start":{"line":14,"column":8},"end":{"line":14,"column":16}},"7":{"start":{"line":18,"column":8},"end":{"line":18,"column":61}}},"branchMap":{"1":{"line":8,"type":"if","locations":[{"start":{"line":8,"column":8},"end":{"line":8,"column":8}},{"start":{"line":8,"column":8},"end":{"line":8,"column":8}}]},"2":{"line":13,"type":"if","locations":[{"start":{"line":13,"column":8},"end":{"line":13,"column":8}},{"start":{"line":13,"column":8},"end":{"line":13,"column":8}}]}}},"contracts/mocks/XENCryptoMock.sol":{"l":{"16":0,"20":0,"21":0,"26":0,"27":0,"28":0,"29":0},"path":"/home/negru/dbxen/dbxenSRG/contracts/mocks/XENCryptoMock.sol","s":{"1":0,"2":0,"3":0,"4":0,"5":0,"6":0},"b":{"1":[0,0],"2":[0,0]},"f":{"1":0,"2":0},"fnMap":{"1":{"name":"constructor","line":15,"loc":{"start":{"line":15,"column":4},"end":{"line":17,"column":4}}},"2":{"name":"burn","line":19,"loc":{"start":{"line":19,"column":4},"end":{"line":30,"column":4}}}},"statementMap":{"1":{"start":{"line":16,"column":8},"end":{"line":16,"column":43}},"2":{"start":{"line":20,"column":8},"end":{"line":20,"column":62}},"3":{"start":{"line":21,"column":8},"end":{"line":21,"column":692}},"4":{"start":{"line":26,"column":8},"end":{"line":26,"column":50}},"5":{"start":{"line":27,"column":8},"end":{"line":27,"column":26}},"6":{"start":{"line":29,"column":8},"end":{"line":29,"column":64}}},"branchMap":{"1":{"line":20,"type":"if","locations":[{"start":{"line":20,"column":8},"end":{"line":20,"column":8}},{"start":{"line":20,"column":8},"end":{"line":20,"column":8}}]},"2":{"line":21,"type":"if","locations":[{"start":{"line":21,"column":8},"end":{"line":21,"column":8}},{"start":{"line":21,"column":8},"end":{"line":21,"column":8}}]}}},"contracts/mocks/XENCryptoMockMint.sol":{"l":{"9":81},"path":"/home/negru/dbxen/dbxenSRG/contracts/mocks/XENCryptoMockMint.sol","s":{"1":81},"b":{},"f":{"1":81},"fnMap":{"1":{"name":"constructor","line":8,"loc":{"start":{"line":8,"column":4},"end":{"line":10,"column":4}}}},"statementMap":{"1":{"start":{"line":9,"column":8},"end":{"line":9,"column":49}}},"branchMap":{}},"contracts/SimpleStorage.sol":{"l":{"14":0,"19":0,"24":0,"30":0},"path":"/home/negru/dbxen/dbxenSRG/contracts/SimpleStorage.sol","s":{"1":0,"2":0,"3":0},"b":{},"f":{"1":0,"2":0,"3":0,"4":0},"fnMap":{"1":{"name":"constructor","line":13,"loc":{"start":{"line":13,"column":4},"end":{"line":15,"column":4}}},"2":{"name":"supportsInterface","line":18,"loc":{"start":{"line":18,"column":3},"end":{"line":21,"column":4}}},"3":{"name":"burnToken","line":23,"loc":{"start":{"line":23,"column":4},"end":{"line":26,"column":4}}},"4":{"name":"burn","line":29,"loc":{"start":{"line":29,"column":4},"end":{"line":32,"column":4}}}},"statementMap":{"1":{"start":{"line":19,"column":8},"end":{"line":19,"column":542}},"2":{"start":{"line":24,"column":8},"end":{"line":24,"column":34}},"3":{"start":{"line":30,"column":11},"end":{"line":30,"column":32}}},"branchMap":{}},"contracts/XENCrypto.sol":{"l":{"82":81,"92":0,"93":0,"94":0,"95":0,"97":0,"105":0,"106":0,"107":0,"108":0,"121":0,"122":0,"123":0,"124":0,"125":0,"126":0,"133":0,"134":0,"146":0,"147":0,"148":0,"150":0,"157":0,"158":0,"159":0,"161":0,"170":0,"171":0,"172":0,"179":0,"180":0,"181":0,"188":0,"194":0,"195":0,"209":0,"210":0,"211":0,"218":0,"225":0,"232":0,"239":0,"246":0,"253":0,"262":0,"263":0,"264":0,"265":0,"268":0,"276":0,"277":0,"278":0,"285":0,"286":0,"287":0,"290":0,"297":0,"299":0,"300":0,"308":0,"309":0,"310":0,"311":0,"312":0,"313":0,"316":0,"323":0,"324":0,"327":0,"328":0,"330":0,"331":0,"339":0,"341":0,"342":0,"343":0,"346":0,"353":0,"354":0,"357":0,"358":0,"359":0,"363":0,"364":0,"365":0,"366":0,"368":0,"369":0,"376":0,"377":0,"378":0,"379":0,"380":0,"383":0,"385":0,"386":0,"393":0,"394":0,"396":0,"402":0,"403":0,"406":0,"407":0,"408":0,"415":92,"416":92,"421":92,"422":92,"423":92,"424":92},"path":"/home/negru/dbxen/dbxenSRG/contracts/XENCrypto.sol","s":{"1":0,"2":0,"3":0,"4":0,"5":0,"6":0,"7":0,"8":0,"9":0,"10":0,"11":0,"12":0,"13":0,"14":0,"15":0,"16":0,"17":0,"18":0,"19":0,"20":0,"21":0,"22":0,"23":0,"24":0,"25":0,"26":0,"27":0,"28":0,"29":0,"30":0,"31":0,"32":0,"33":0,"34":0,"35":0,"36":0,"37":0,"38":0,"39":0,"40":0,"41":0,"42":0,"43":0,"44":0,"45":0,"46":0,"47":0,"48":0,"49":0,"50":0,"51":0,"52":0,"53":0,"54":0,"55":0,"56":0,"57":0,"58":0,"59":0,"60":0,"61":0,"62":0,"63":0,"64":0,"65":0,"66":0,"67":0,"68":0,"69":0,"70":0,"71":0,"72":0,"73":0,"74":0,"75":0,"76":0,"77":0,"78":0,"79":0,"80":0,"81":0,"82":0,"83":0,"84":0,"85":0,"86":0,"87":0,"88":0,"89":0,"90":0,"91":0,"92":0,"93":0,"94":0,"95":0,"96":0,"97":92,"98":92,"99":92,"100":92,"101":92},"b":{"1":[0,0],"2":[0,0],"3":[0,0],"4":[0,0],"5":[0,0],"6":[0,0],"7":[0,0],"8":[0,0],"9":[0,0],"10":[0,0],"11":[0,0],"12":[0,0],"13":[0,0],"14":[0,0],"15":[0,0],"16":[0,0],"17":[0,0],"18":[0,0],"19":[0,0],"20":[0,0],"21":[0,0],"22":[0,0],"23":[0,0],"24":[0,0],"25":[0,0],"26":[0,0],"27":[0,0],"28":[0,0],"29":[0,0],"30":[92,0],"31":[92,0]},"f":{"1":81,"2":0,"3":0,"4":0,"5":0,"6":0,"7":0,"8":0,"9":0,"10":0,"11":0,"12":0,"13":0,"14":0,"15":0,"16":0,"17":0,"18":0,"19":0,"20":0,"21":0,"22":0,"23":0,"24":92},"fnMap":{"1":{"name":"constructor","line":81,"loc":{"start":{"line":81,"column":4},"end":{"line":83,"column":4}}},"2":{"name":"_calculateMaxTerm","line":91,"loc":{"start":{"line":91,"column":4},"end":{"line":98,"column":4}}},"3":{"name":"_penalty","line":103,"loc":{"start":{"line":103,"column":4},"end":{"line":109,"column":4}}},"4":{"name":"_calculateMintReward","line":114,"loc":{"start":{"line":114,"column":4},"end":{"line":127,"column":4}}},"5":{"name":"_cleanUpUserMint","line":132,"loc":{"start":{"line":132,"column":4},"end":{"line":135,"column":4}}},"6":{"name":"_calculateStakeReward","line":140,"loc":{"start":{"line":140,"column":4},"end":{"line":151,"column":4}}},"7":{"name":"_calculateRewardAmplifier","line":156,"loc":{"start":{"line":156,"column":4},"end":{"line":163,"column":4}}},"8":{"name":"_calculateEAARate","line":169,"loc":{"start":{"line":169,"column":4},"end":{"line":173,"column":4}}},"9":{"name":"_calculateAPY","line":178,"loc":{"start":{"line":178,"column":4},"end":{"line":182,"column":4}}},"10":{"name":"_createStake","line":187,"loc":{"start":{"line":187,"column":4},"end":{"line":196,"column":4}}},"11":{"name":"getGrossReward","line":203,"loc":{"start":{"line":203,"column":4},"end":{"line":212,"column":4}}},"12":{"name":"getUserMint","line":217,"loc":{"start":{"line":217,"column":4},"end":{"line":219,"column":4}}},"13":{"name":"getUserStake","line":224,"loc":{"start":{"line":224,"column":4},"end":{"line":226,"column":4}}},"14":{"name":"getCurrentAMP","line":231,"loc":{"start":{"line":231,"column":4},"end":{"line":233,"column":4}}},"15":{"name":"getCurrentEAAR","line":238,"loc":{"start":{"line":238,"column":4},"end":{"line":240,"column":4}}},"16":{"name":"getCurrentAPY","line":245,"loc":{"start":{"line":245,"column":4},"end":{"line":247,"column":4}}},"17":{"name":"getCurrentMaxTerm","line":252,"loc":{"start":{"line":252,"column":4},"end":{"line":254,"column":4}}},"18":{"name":"claimRank","line":261,"loc":{"start":{"line":261,"column":4},"end":{"line":279,"column":4}}},"19":{"name":"claimMintReward","line":284,"loc":{"start":{"line":284,"column":4},"end":{"line":301,"column":4}}},"20":{"name":"claimMintRewardAndShare","line":307,"loc":{"start":{"line":307,"column":4},"end":{"line":332,"column":4}}},"21":{"name":"claimMintRewardAndStake","line":338,"loc":{"start":{"line":338,"column":4},"end":{"line":370,"column":4}}},"22":{"name":"stake","line":375,"loc":{"start":{"line":375,"column":4},"end":{"line":387,"column":4}}},"23":{"name":"withdraw","line":392,"loc":{"start":{"line":392,"column":4},"end":{"line":409,"column":4}}},"24":{"name":"burn","line":414,"loc":{"start":{"line":414,"column":4},"end":{"line":425,"column":4}}}},"statementMap":{"1":{"start":{"line":92,"column":8},"end":{"line":92,"column":3043}},"2":{"start":{"line":93,"column":12},"end":{"line":93,"column":97}},"3":{"start":{"line":94,"column":12},"end":{"line":94,"column":68}},"4":{"start":{"line":95,"column":12},"end":{"line":95,"column":50}},"5":{"start":{"line":97,"column":8},"end":{"line":97,"column":29}},"6":{"start":{"line":105,"column":8},"end":{"line":105,"column":52}},"7":{"start":{"line":106,"column":8},"end":{"line":106,"column":73}},"8":{"start":{"line":106,"column":51},"end":{"line":106,"column":73}},"9":{"start":{"line":107,"column":8},"end":{"line":107,"column":85}},"10":{"start":{"line":108,"column":8},"end":{"line":108,"column":50}},"11":{"start":{"line":121,"column":8},"end":{"line":121,"column":55}},"12":{"start":{"line":122,"column":8},"end":{"line":122,"column":44}},"13":{"start":{"line":123,"column":8},"end":{"line":123,"column":60}},"14":{"start":{"line":124,"column":8},"end":{"line":124,"column":39}},"15":{"start":{"line":125,"column":8},"end":{"line":125,"column":72}},"16":{"start":{"line":126,"column":8},"end":{"line":126,"column":47}},"17":{"start":{"line":146,"column":8},"end":{"line":146,"column":4869}},"18":{"start":{"line":147,"column":12},"end":{"line":147,"column":66}},"19":{"start":{"line":148,"column":12},"end":{"line":148,"column":48}},"20":{"start":{"line":150,"column":8},"end":{"line":150,"column":16}},"21":{"start":{"line":157,"column":8},"end":{"line":157,"column":82}},"22":{"start":{"line":158,"column":8},"end":{"line":158,"column":5280}},"23":{"start":{"line":159,"column":12},"end":{"line":159,"column":94}},"24":{"start":{"line":161,"column":12},"end":{"line":161,"column":39}},"25":{"start":{"line":170,"column":8},"end":{"line":170,"column":69}},"26":{"start":{"line":171,"column":8},"end":{"line":171,"column":45}},"27":{"start":{"line":171,"column":37},"end":{"line":171,"column":45}},"28":{"start":{"line":172,"column":8},"end":{"line":172,"column":38}},"29":{"start":{"line":179,"column":8},"end":{"line":179,"column":95}},"30":{"start":{"line":180,"column":8},"end":{"line":180,"column":70}},"31":{"start":{"line":180,"column":52},"end":{"line":180,"column":70}},"32":{"start":{"line":181,"column":8},"end":{"line":181,"column":39}},"33":{"start":{"line":209,"column":8},"end":{"line":209,"column":52}},"34":{"start":{"line":210,"column":8},"end":{"line":210,"column":100}},"35":{"start":{"line":211,"column":8},"end":{"line":211,"column":64}},"36":{"start":{"line":218,"column":8},"end":{"line":218,"column":38}},"37":{"start":{"line":225,"column":8},"end":{"line":225,"column":39}},"38":{"start":{"line":232,"column":8},"end":{"line":232,"column":42}},"39":{"start":{"line":239,"column":8},"end":{"line":239,"column":34}},"40":{"start":{"line":246,"column":8},"end":{"line":246,"column":30}},"41":{"start":{"line":253,"column":8},"end":{"line":253,"column":34}},"42":{"start":{"line":262,"column":8},"end":{"line":262,"column":47}},"43":{"start":{"line":263,"column":8},"end":{"line":263,"column":63}},"44":{"start":{"line":264,"column":8},"end":{"line":264,"column":91}},"45":{"start":{"line":265,"column":8},"end":{"line":265,"column":84}},"46":{"start":{"line":268,"column":8},"end":{"line":268,"column":8656}},"47":{"start":{"line":278,"column":8},"end":{"line":278,"column":58}},"48":{"start":{"line":285,"column":8},"end":{"line":285,"column":58}},"49":{"start":{"line":286,"column":8},"end":{"line":286,"column":58}},"50":{"start":{"line":287,"column":8},"end":{"line":287,"column":89}},"51":{"start":{"line":290,"column":8},"end":{"line":290,"column":9507}},"52":{"start":{"line":297,"column":8},"end":{"line":297,"column":40}},"53":{"start":{"line":299,"column":8},"end":{"line":299,"column":25}},"54":{"start":{"line":300,"column":8},"end":{"line":300,"column":52}},"55":{"start":{"line":308,"column":8},"end":{"line":308,"column":58}},"56":{"start":{"line":309,"column":8},"end":{"line":309,"column":76}},"57":{"start":{"line":310,"column":8},"end":{"line":310,"column":59}},"58":{"start":{"line":311,"column":8},"end":{"line":311,"column":61}},"59":{"start":{"line":312,"column":8},"end":{"line":312,"column":58}},"60":{"start":{"line":313,"column":8},"end":{"line":313,"column":89}},"61":{"start":{"line":316,"column":8},"end":{"line":316,"column":10574}},"62":{"start":{"line":323,"column":8},"end":{"line":323,"column":57}},"63":{"start":{"line":324,"column":8},"end":{"line":324,"column":55}},"64":{"start":{"line":327,"column":8},"end":{"line":327,"column":37}},"65":{"start":{"line":328,"column":8},"end":{"line":328,"column":33}},"66":{"start":{"line":330,"column":8},"end":{"line":330,"column":25}},"67":{"start":{"line":331,"column":8},"end":{"line":331,"column":52}},"68":{"start":{"line":339,"column":8},"end":{"line":339,"column":58}},"69":{"start":{"line":341,"column":8},"end":{"line":341,"column":61}},"70":{"start":{"line":342,"column":8},"end":{"line":342,"column":58}},"71":{"start":{"line":343,"column":8},"end":{"line":343,"column":89}},"72":{"start":{"line":346,"column":8},"end":{"line":346,"column":11720}},"73":{"start":{"line":353,"column":8},"end":{"line":353,"column":57}},"74":{"start":{"line":354,"column":8},"end":{"line":354,"column":55}},"75":{"start":{"line":357,"column":8},"end":{"line":357,"column":37}},"76":{"start":{"line":358,"column":8},"end":{"line":358,"column":25}},"77":{"start":{"line":359,"column":8},"end":{"line":359,"column":52}},"78":{"start":{"line":363,"column":8},"end":{"line":363,"column":68}},"79":{"start":{"line":364,"column":8},"end":{"line":364,"column":77}},"80":{"start":{"line":365,"column":8},"end":{"line":365,"column":85}},"81":{"start":{"line":366,"column":8},"end":{"line":366,"column":73}},"82":{"start":{"line":368,"column":8},"end":{"line":368,"column":39}},"83":{"start":{"line":369,"column":8},"end":{"line":369,"column":53}},"84":{"start":{"line":376,"column":8},"end":{"line":376,"column":76}},"85":{"start":{"line":377,"column":8},"end":{"line":377,"column":62}},"86":{"start":{"line":378,"column":8},"end":{"line":378,"column":77}},"87":{"start":{"line":379,"column":8},"end":{"line":379,"column":85}},"88":{"start":{"line":380,"column":8},"end":{"line":380,"column":73}},"89":{"start":{"line":383,"column":8},"end":{"line":383,"column":34}},"90":{"start":{"line":385,"column":8},"end":{"line":385,"column":33}},"91":{"start":{"line":386,"column":8},"end":{"line":386,"column":47}},"92":{"start":{"line":393,"column":8},"end":{"line":393,"column":61}},"93":{"start":{"line":394,"column":8},"end":{"line":394,"column":60}},"94":{"start":{"line":396,"column":8},"end":{"line":396,"column":13680}},"95":{"start":{"line":406,"column":8},"end":{"line":406,"column":56}},"96":{"start":{"line":407,"column":8},"end":{"line":407,"column":65}},"97":{"start":{"line":415,"column":8},"end":{"line":415,"column":62}},"98":{"start":{"line":416,"column":8},"end":{"line":416,"column":14378}},"99":{"start":{"line":421,"column":8},"end":{"line":421,"column":50}},"100":{"start":{"line":422,"column":8},"end":{"line":422,"column":26}},"101":{"start":{"line":424,"column":8},"end":{"line":424,"column":64}}},"branchMap":{"1":{"line":92,"type":"if","locations":[{"start":{"line":92,"column":8},"end":{"line":92,"column":8}},{"start":{"line":92,"column":8},"end":{"line":92,"column":8}}]},"2":{"line":106,"type":"if","locations":[{"start":{"line":106,"column":8},"end":{"line":106,"column":8}},{"start":{"line":106,"column":8},"end":{"line":106,"column":8}}]},"3":{"line":146,"type":"if","locations":[{"start":{"line":146,"column":8},"end":{"line":146,"column":8}},{"start":{"line":146,"column":8},"end":{"line":146,"column":8}}]},"4":{"line":158,"type":"if","locations":[{"start":{"line":158,"column":8},"end":{"line":158,"column":8}},{"start":{"line":158,"column":8},"end":{"line":158,"column":8}}]},"5":{"line":171,"type":"if","locations":[{"start":{"line":171,"column":8},"end":{"line":171,"column":8}},{"start":{"line":171,"column":8},"end":{"line":171,"column":8}}]},"6":{"line":180,"type":"if","locations":[{"start":{"line":180,"column":8},"end":{"line":180,"column":8}},{"start":{"line":180,"column":8},"end":{"line":180,"column":8}}]},"7":{"line":263,"type":"if","locations":[{"start":{"line":263,"column":8},"end":{"line":263,"column":8}},{"start":{"line":263,"column":8},"end":{"line":263,"column":8}}]},"8":{"line":264,"type":"if","locations":[{"start":{"line":264,"column":8},"end":{"line":264,"column":8}},{"start":{"line":264,"column":8},"end":{"line":264,"column":8}}]},"9":{"line":265,"type":"if","locations":[{"start":{"line":265,"column":8},"end":{"line":265,"column":8}},{"start":{"line":265,"column":8},"end":{"line":265,"column":8}}]},"10":{"line":286,"type":"if","locations":[{"start":{"line":286,"column":8},"end":{"line":286,"column":8}},{"start":{"line":286,"column":8},"end":{"line":286,"column":8}}]},"11":{"line":287,"type":"if","locations":[{"start":{"line":287,"column":8},"end":{"line":287,"column":8}},{"start":{"line":287,"column":8},"end":{"line":287,"column":8}}]},"12":{"line":309,"type":"if","locations":[{"start":{"line":309,"column":8},"end":{"line":309,"column":8}},{"start":{"line":309,"column":8},"end":{"line":309,"column":8}}]},"13":{"line":310,"type":"if","locations":[{"start":{"line":310,"column":8},"end":{"line":310,"column":8}},{"start":{"line":310,"column":8},"end":{"line":310,"column":8}}]},"14":{"line":311,"type":"if","locations":[{"start":{"line":311,"column":8},"end":{"line":311,"column":8}},{"start":{"line":311,"column":8},"end":{"line":311,"column":8}}]},"15":{"line":312,"type":"if","locations":[{"start":{"line":312,"column":8},"end":{"line":312,"column":8}},{"start":{"line":312,"column":8},"end":{"line":312,"column":8}}]},"16":{"line":313,"type":"if","locations":[{"start":{"line":313,"column":8},"end":{"line":313,"column":8}},{"start":{"line":313,"column":8},"end":{"line":313,"column":8}}]},"17":{"line":341,"type":"if","locations":[{"start":{"line":341,"column":8},"end":{"line":341,"column":8}},{"start":{"line":341,"column":8},"end":{"line":341,"column":8}}]},"18":{"line":342,"type":"if","locations":[{"start":{"line":342,"column":8},"end":{"line":342,"column":8}},{"start":{"line":342,"column":8},"end":{"line":342,"column":8}}]},"19":{"line":343,"type":"if","locations":[{"start":{"line":343,"column":8},"end":{"line":343,"column":8}},{"start":{"line":343,"column":8},"end":{"line":343,"column":8}}]},"20":{"line":363,"type":"if","locations":[{"start":{"line":363,"column":8},"end":{"line":363,"column":8}},{"start":{"line":363,"column":8},"end":{"line":363,"column":8}}]},"21":{"line":364,"type":"if","locations":[{"start":{"line":364,"column":8},"end":{"line":364,"column":8}},{"start":{"line":364,"column":8},"end":{"line":364,"column":8}}]},"22":{"line":365,"type":"if","locations":[{"start":{"line":365,"column":8},"end":{"line":365,"column":8}},{"start":{"line":365,"column":8},"end":{"line":365,"column":8}}]},"23":{"line":366,"type":"if","locations":[{"start":{"line":366,"column":8},"end":{"line":366,"column":8}},{"start":{"line":366,"column":8},"end":{"line":366,"column":8}}]},"24":{"line":376,"type":"if","locations":[{"start":{"line":376,"column":8},"end":{"line":376,"column":8}},{"start":{"line":376,"column":8},"end":{"line":376,"column":8}}]},"25":{"line":377,"type":"if","locations":[{"start":{"line":377,"column":8},"end":{"line":377,"column":8}},{"start":{"line":377,"column":8},"end":{"line":377,"column":8}}]},"26":{"line":378,"type":"if","locations":[{"start":{"line":378,"column":8},"end":{"line":378,"column":8}},{"start":{"line":378,"column":8},"end":{"line":378,"column":8}}]},"27":{"line":379,"type":"if","locations":[{"start":{"line":379,"column":8},"end":{"line":379,"column":8}},{"start":{"line":379,"column":8},"end":{"line":379,"column":8}}]},"28":{"line":380,"type":"if","locations":[{"start":{"line":380,"column":8},"end":{"line":380,"column":8}},{"start":{"line":380,"column":8},"end":{"line":380,"column":8}}]},"29":{"line":394,"type":"if","locations":[{"start":{"line":394,"column":8},"end":{"line":394,"column":8}},{"start":{"line":394,"column":8},"end":{"line":394,"column":8}}]},"30":{"line":415,"type":"if","locations":[{"start":{"line":415,"column":8},"end":{"line":415,"column":8}},{"start":{"line":415,"column":8},"end":{"line":415,"column":8}}]},"31":{"line":416,"type":"if","locations":[{"start":{"line":416,"column":8},"end":{"line":416,"column":8}},{"start":{"line":416,"column":8},"end":{"line":416,"column":8}}]}}}}